<?xml version="1.0" encoding="UTF-8"?>
<!-- Generated by org.testng.reporters.JUnitXMLReporter -->
<testsuite ignored="3" hostname="hussain-ThinkPad-L480" failures="1" tests="1" name="Default test(failed)" time="74.031" errors="0" timestamp="2019-11-24T11:28:16 IST">
  <testcase classname="monoprice_demo.AutoSuggestionsDemo" name="clickAutoSuggestionsKeywords" time="61.542">
    <failure type="org.openqa.selenium.TimeoutException" message="Expected condition failed: waiting for visibility of all [] (tried for 30 second(s) with 500 milliseconds interval)
Build info: version: &amp;apos;3.14.0&amp;apos;, revision: &amp;apos;aacccce0&amp;apos;, time: &amp;apos;2018-08-02T20:19:58.91Z&amp;apos;
System info: host: &amp;apos;hussain-ThinkPad-L480&amp;apos;, ip: &amp;apos;127.0.1.1&amp;apos;, os.name: &amp;apos;Linux&amp;apos;, os.arch: &amp;apos;amd64&amp;apos;, os.version: &amp;apos;4.15.0-70-generic&amp;apos;, java.version: &amp;apos;11.0.3&amp;apos;
Driver info: org.openqa.selenium.chrome.ChromeDriver
Capabilities {acceptInsecureCerts: false, browserName: chrome, browserVersion: 78.0.3904.97, chrome: {chromedriverVersion: 78.0.3904.105 (60e2d8774a81..., userDataDir: /tmp/.com.google.Chrome.lnNnvQ}, goog:chromeOptions: {debuggerAddress: localhost:44993}, javascriptEnabled: true, networkConnectionEnabled: false, pageLoadStrategy: normal, platform: LINUX, platformName: LINUX, proxy: Proxy(), setWindowRect: true, strictFileInteractability: false, timeouts: {implicit: 0, pageLoad: 300000, script: 30000}, unhandledPromptBehavior: dismiss and notify}
Session ID: ac31dea472104064882bd7f5662525ad">
      <![CDATA[org.openqa.selenium.TimeoutException: Expected condition failed: waiting for visibility of all [] (tried for 30 second(s) with 500 milliseconds interval)
Build info: version: '3.14.0', revision: 'aacccce0', time: '2018-08-02T20:19:58.91Z'
System info: host: 'hussain-ThinkPad-L480', ip: '127.0.1.1', os.name: 'Linux', os.arch: 'amd64', os.version: '4.15.0-70-generic', java.version: '11.0.3'
Driver info: org.openqa.selenium.chrome.ChromeDriver
Capabilities {acceptInsecureCerts: false, browserName: chrome, browserVersion: 78.0.3904.97, chrome: {chromedriverVersion: 78.0.3904.105 (60e2d8774a81..., userDataDir: /tmp/.com.google.Chrome.lnNnvQ}, goog:chromeOptions: {debuggerAddress: localhost:44993}, javascriptEnabled: true, networkConnectionEnabled: false, pageLoadStrategy: normal, platform: LINUX, platformName: LINUX, proxy: Proxy(), setWindowRect: true, strictFileInteractability: false, timeouts: {implicit: 0, pageLoad: 300000, script: 30000}, unhandledPromptBehavior: dismiss and notify}
Session ID: ac31dea472104064882bd7f5662525ad
at org.openqa.selenium.support.ui.WebDriverWait.timeoutException(WebDriverWait.java:113)
at org.openqa.selenium.support.ui.FluentWait.until(FluentWait.java:283)
at monoprice_demo.AutoSuggestionsDemo.clickAutoSuggestionsKeywords(AutoSuggestionsDemo.java:101)
at java.base/java.util.ArrayList.forEach(ArrayList.java:1540)
... Removed 27 stack frames]]>
    </failure>
  </testcase> <!-- clickAutoSuggestionsKeywords -->
  <testcase classname="monoprice_demo.AutoSuggestionsDemo" name="checkAutoSuggestionsWithManyLetters" time="0.0">
    <ignored/>
  </testcase> <!-- checkAutoSuggestionsWithManyLetters -->
  <testcase classname="monoprice_demo.AutoSuggestionsDemo" name="validatePopularProductPage" time="0.0">
    <ignored/>
  </testcase> <!-- validatePopularProductPage -->
  <testcase classname="monoprice_demo.AutoSuggestionsDemo" name="checkAutoSuggestions" time="0.0">
    <ignored/>
  </testcase> <!-- checkAutoSuggestions -->
</testsuite> <!-- Default test(failed) -->
